[      84ms] [ERROR] Failed to load resource: the server responded with a status of 404 (Not Found) @ http://localhost:3003/favicon.ico:0
[   36411ms] [ERROR] Failed to load resource: the server responded with a status of 404 (Not Found) @ http://localhost:3003/assets/audio/song3.mp3:0
[   59727ms] [ERROR] Failed to load resource: the server responded with a status of 404 (Not Found) @ http://localhost:3003/assets/audio/song1.mp3:0
[   78719ms] [ERROR] Failed to load resource: the server responded with a status of 404 (Not Found) @ http://localhost:3003/assets/audio/song2.mp3:0
[  254632ms] [ERROR] Failed to load resource: the server responded with a status of 404 (Not Found) @ http://localhost:3003/assets/photos/video-poster1.jpg:0
[  254632ms] [ERROR] Failed to load resource: the server responded with a status of 404 (Not Found) @ http://localhost:3003/assets/photos/video-poster2.jpg:0
[  259271ms] [ERROR] Failed to load resource: the server responded with a status of 404 (Not Found) @ http://localhost:3003/assets/photos/memory5.jpg:0
[  259762ms] [ERROR] Failed to load resource: the server responded with a status of 404 (Not Found) @ http://localhost:3003/assets/photos/memory3.jpg:0
[  260734ms] [ERROR] Failed to load resource: the server responded with a status of 404 (Not Found) @ http://localhost:3003/assets/photos/memory4.jpg:0
[  261186ms] [ERROR] Failed to load resource: the server responded with a status of 404 (Not Found) @ http://localhost:3003/assets/photos/memory6.jpg:0
[  262938ms] [ERROR] Failed to load resource: the server responded with a status of 404 (Not Found) @ http://localhost:3003/assets/photos/memory4.jpg:0
[  263033ms] [ERROR] Failed to load resource: the server responded with a status of 404 (Not Found) @ http://localhost:3003/assets/photos/memory6.jpg:0
[  263884ms] [ERROR] Failed to load resource: the server responded with a status of 404 (Not Found) @ http://localhost:3003/assets/photos/memory5.jpg:0
[  264300ms] [ERROR] Failed to load resource: the server responded with a status of 404 (Not Found) @ http://localhost:3003/assets/photos/memory3.jpg:0
[  265201ms] [ERROR] Failed to load resource: the server responded with a status of 404 (Not Found) @ http://localhost:3003/assets/photos/memory2.jpg:0
[  265820ms] [ERROR] Failed to load resource: the server responded with a status of 404 (Not Found) @ http://localhost:3003/assets/photos/memory1.jpg:0
[  266668ms] [ERROR] Failed to load resource: the server responded with a status of 404 (Not Found) @ http://localhost:3003/assets/photos/memory1.jpg:0
[  267033ms] [ERROR] Failed to load resource: the server responded with a status of 404 (Not Found) @ http://localhost:3003/assets/photos/memory6.jpg:0
[  268321ms] [ERROR] Failed to load resource: the server responded with a status of 404 (Not Found) @ http://localhost:3003/assets/photos/memory5.jpg:0
[  268917ms] [ERROR] Failed to load resource: the server responded with a status of 404 (Not Found) @ http://localhost:3003/assets/photos/memory6.jpg:0
[  270500ms] [ERROR] Failed to load resource: the server responded with a status of 404 (Not Found) @ http://localhost:3003/assets/photos/memory3.jpg:0
[  271117ms] [ERROR] Failed to load resource: the server responded with a status of 404 (Not Found) @ http://localhost:3003/assets/photos/memory6.jpg:0
[  276459ms] [ERROR] Failed to load resource: the server responded with a status of 404 (Not Found) @ http://localhost:3003/assets/photos/gallery1.jpg:0
[  276470ms] [ERROR] Failed to load resource: the server responded with a status of 404 (Not Found) @ http://localhost:3003/assets/photos/gallery2.jpg:0
[  276471ms] [ERROR] Failed to load resource: the server responded with a status of 404 (Not Found) @ http://localhost:3003/assets/photos/gallery3.jpg:0
[  276471ms] [ERROR] Failed to load resource: the server responded with a status of 404 (Not Found) @ http://localhost:3003/assets/photos/gallery4.jpg:0
[  276471ms] [ERROR] Failed to load resource: the server responded with a status of 404 (Not Found) @ http://localhost:3003/assets/photos/gallery6.jpg:0
[  276471ms] [ERROR] Failed to load resource: the server responded with a status of 404 (Not Found) @ http://localhost:3003/assets/photos/gallery5.jpg:0
[  347235ms] [ERROR] Failed to load resource: the server responded with a status of 404 (Not Found) @ http://localhost:3003/assets/photos/adventure1.jpg:0
[  353366ms] [ERROR] Failed to load resource: the server responded with a status of 404 (Not Found) @ http://localhost:3003/assets/photos/adventure2.jpg:0
[  356790ms] [ERROR] Failed to load resource: the server responded with a status of 404 (Not Found) @ http://localhost:3003/assets/photos/adventure3.jpg:0
[  361155ms] [ERROR] Failed to load resource: the server responded with a status of 404 (Not Found) @ http://localhost:3003/assets/photos/adventure1.jpg:0
[  361155ms] [ERROR] Failed to load resource: the server responded with a status of 404 (Not Found) @ http://localhost:3003/assets/photos/adventure2.jpg:0
[  361155ms] [ERROR] Failed to load resource: the server responded with a status of 404 (Not Found) @ http://localhost:3003/assets/photos/adventure3.jpg:0
[  399834ms] [ERROR] Failed to load resource: the server responded with a status of 404 (Not Found) @ http://localhost:3003/assets/photos/puzzle.jpg:0
[  405157ms] [ERROR] Failed to load resource: the server responded with a status of 404 (Not Found) @ http://localhost:3003/assets/photos/puzzle.jpg:0
[  405668ms] [ERROR] Failed to load resource: the server responded with a status of 404 (Not Found) @ http://localhost:3003/assets/photos/puzzle.jpg:0
[  407041ms] [ERROR] Failed to load resource: the server responded with a status of 404 (Not Found) @ http://localhost:3003/assets/photos/puzzle.jpg:0
[  407443ms] [ERROR] Failed to load resource: the server responded with a status of 404 (Not Found) @ http://localhost:3003/assets/photos/puzzle.jpg:0
[  409965ms] [ERROR] Failed to load resource: the server responded with a status of 404 (Not Found) @ http://localhost:3003/assets/photos/puzzle.jpg:0
[  410410ms] [ERROR] Failed to load resource: the server responded with a status of 404 (Not Found) @ http://localhost:3003/assets/photos/puzzle.jpg:0
[  411759ms] [ERROR] Failed to load resource: the server responded with a status of 404 (Not Found) @ http://localhost:3003/assets/photos/puzzle.jpg:0
[  412269ms] [ERROR] Failed to load resource: the server responded with a status of 404 (Not Found) @ http://localhost:3003/assets/photos/puzzle.jpg:0
[  412701ms] [ERROR] Failed to load resource: the server responded with a status of 404 (Not Found) @ http://localhost:3003/assets/photos/puzzle.jpg:0
[  413047ms] [ERROR] Failed to load resource: the server responded with a status of 404 (Not Found) @ http://localhost:3003/assets/photos/puzzle.jpg:0
